nohup: ignoring input
INFO:__main__:Starting SQL Executor API server...
INFO:     Started server process [2533195]
INFO:     Waiting for application startup.
INFO:     Application startup complete.
INFO:     Uvicorn running on http://0.0.0.0:5000 (Press CTRL+C to quit)
INFO:__main__:Incoming request: POST http://localhost:5000/chat2sql/execute
INFO:__main__:Received natural language query: fetch all the data from ai_models table
INFO:__main__:Attempting to connect to database...
INFO:__main__:Database connection successful
INFO:__main__:Generated SQL query: SELECT * FROM ai_models;
INFO:__main__:Generated SQL: SELECT * FROM ai_models;
INFO:__main__:Executing query: SELECT * FROM ai_models;
INFO:__main__:Attempting to connect to database...
INFO:__main__:Database connection successful
INFO:__main__:Query executed successfully. Found 6 rows
INFO:__main__:Database connection closed
INFO:__main__:Returning response with 6 rows
INFO:__main__:Response status: 200
INFO:     127.0.0.1:39006 - "POST /chat2sql/execute HTTP/1.1" 200 OK
